\BOOKMARK [1][]{section.0.1}{0.1\040chap1}{}% 1
\BOOKMARK [1][]{section.0.2}{0.2\040chap2}{}% 2
\BOOKMARK [1][]{section.0.3}{0.3\040chap3}{}% 3
\BOOKMARK [1][]{section.0.4}{0.4\040chap4}{}% 4
\BOOKMARK [1][]{section.0.5}{0.5\040chap5}{}% 5
\BOOKMARK [1][]{section.0.6}{0.6\040chap6}{}% 6
\BOOKMARK [1][]{section.0.7}{0.7\040chap7}{}% 7
\BOOKMARK [1][]{section.0.8}{0.8\040chap8}{}% 8
\BOOKMARK [1][]{section.0.9}{0.9\040chap9}{}% 9
\BOOKMARK [1][]{section.0.10}{0.10\040chap10}{}% 10
\BOOKMARK [1][]{section.0.11}{0.11\040chap11}{}% 11
\BOOKMARK [1][]{section.0.12}{0.12\040chap12}{}% 12
\BOOKMARK [1][]{section.0.13}{0.13\040chap13}{}% 13
\BOOKMARK [1][]{section.0.14}{0.14\040chap14}{}% 14
\BOOKMARK [1][]{section.0.15}{0.15\040chap15}{}% 15
\BOOKMARK [1][]{section.0.16}{0.16\040chap16}{}% 16
\BOOKMARK [1][]{section.0.17}{0.17\040chap17}{}% 17
\BOOKMARK [1][]{section.0.18}{0.18\040chap18}{}% 18
\BOOKMARK [1][]{section.0.19}{0.19\040chap19}{}% 19
\BOOKMARK [1][]{section.0.20}{0.20\040chap20}{}% 20
\BOOKMARK [1][]{section.0.21}{0.21\040chap21}{}% 21
\BOOKMARK [1][]{section.0.22}{0.22\040chap22}{}% 22
\BOOKMARK [1][]{section.0.23}{0.23\040chap23}{}% 23
\BOOKMARK [1][]{section.0.24}{0.24\040chap24}{}% 24
